<?xml version="1.0" encoding="UTF-8"?>
<robot generator="Rebot 5.0.1 (Python 3.10.5 on win32)" generated="20220903 16:25:37.973" rpa="false" schemaversion="3">
<suite id="s1" name="Suites">
<suite id="s1-s1" name="Frames" source="C:\Users\user\PycharmProjects\Robot-Framework-Training\Test\Frames.robot">
<test id="s1-s1-t1" name="Handling Alerts" line="9">
<kw name="Open Browser" library="SeleniumLibrary">
<arg>${url}</arg>
<arg>${browser}</arg>
<doc>Opens a new browser instance to the optional ``url``.</doc>
<msg timestamp="20220903 16:25:11.600" level="INFO">Opening browser 'Chrome' to base url 'https://www.selenium.dev/selenium/docs/api/java/index.html?overview-summary.html'.</msg>
<status status="PASS" starttime="20220903 16:25:11.599" endtime="20220903 16:25:16.275"/>
</kw>
<kw name="Maximize Browser Window" library="SeleniumLibrary">
<doc>Maximizes current browser window.</doc>
<status status="PASS" starttime="20220903 16:25:16.276" endtime="20220903 16:25:16.467"/>
</kw>
<kw name="Set Selenium Speed" library="SeleniumLibrary">
<arg>1 seconds</arg>
<doc>Sets the delay that is waited after each Selenium command.</doc>
<status status="PASS" starttime="20220903 16:25:16.467" endtime="20220903 16:25:16.469"/>
</kw>
<kw name="Select Frame" library="SeleniumLibrary">
<arg>packageListFrame</arg>
<doc>Sets frame identified by ``locator`` as the current frame.</doc>
<msg timestamp="20220903 16:25:16.473" level="INFO">Selecting frame 'packageListFrame'.</msg>
<status status="PASS" starttime="20220903 16:25:16.469" endtime="20220903 16:25:18.644"/>
</kw>
<kw name="Click Link" library="SeleniumLibrary">
<arg>org.openqa.selenium</arg>
<doc>Clicks a link identified by ``locator``.</doc>
<msg timestamp="20220903 16:25:18.645" level="INFO">Clicking link 'org.openqa.selenium'.</msg>
<status status="PASS" starttime="20220903 16:25:18.644" endtime="20220903 16:25:21.765"/>
</kw>
<kw name="Unselect Frame" library="SeleniumLibrary">
<doc>Sets the main frame as the current frame.</doc>
<status status="PASS" starttime="20220903 16:25:21.765" endtime="20220903 16:25:22.809"/>
</kw>
<kw name="Select Frame" library="SeleniumLibrary">
<arg>packageFrame</arg>
<doc>Sets frame identified by ``locator`` as the current frame.</doc>
<msg timestamp="20220903 16:25:22.811" level="INFO">Selecting frame 'packageFrame'.</msg>
<status status="PASS" starttime="20220903 16:25:22.810" endtime="20220903 16:25:24.910"/>
</kw>
<kw name="Click Link" library="SeleniumLibrary">
<arg>WebDriver</arg>
<doc>Clicks a link identified by ``locator``.</doc>
<msg timestamp="20220903 16:25:24.911" level="INFO">Clicking link 'WebDriver'.</msg>
<status status="PASS" starttime="20220903 16:25:24.910" endtime="20220903 16:25:28.183"/>
</kw>
<kw name="Unselect Frame" library="SeleniumLibrary">
<doc>Sets the main frame as the current frame.</doc>
<status status="PASS" starttime="20220903 16:25:28.184" endtime="20220903 16:25:29.246"/>
</kw>
<kw name="Select Frame" library="SeleniumLibrary">
<arg>classFrame</arg>
<doc>Sets frame identified by ``locator`` as the current frame.</doc>
<msg timestamp="20220903 16:25:29.247" level="INFO">Selecting frame 'classFrame'.</msg>
<status status="PASS" starttime="20220903 16:25:29.246" endtime="20220903 16:25:31.300"/>
</kw>
<kw name="Click Link" library="SeleniumLibrary">
<arg>Help</arg>
<doc>Clicks a link identified by ``locator``.</doc>
<msg timestamp="20220903 16:25:31.302" level="INFO">Clicking link 'Help'.</msg>
<status status="PASS" starttime="20220903 16:25:31.300" endtime="20220903 16:25:36.527"/>
</kw>
<kw name="Unselect Frame" library="SeleniumLibrary">
<doc>Sets the main frame as the current frame.</doc>
<status status="PASS" starttime="20220903 16:25:36.527" endtime="20220903 16:25:37.538"/>
</kw>
<status status="PASS" starttime="20220903 16:25:11.598" endtime="20220903 16:25:37.538"/>
</test>
<status status="PASS" starttime="20220903 16:25:11.298" endtime="20220903 16:25:37.539"/>
</suite>
<suite id="s1-s2" name="LoginTest" source="C:\Users\user\PycharmProjects\Robot-Framework-Training\Test\LoginTest.robot">
<test id="s1-s2-t1" name="LoginTest" line="12">
<kw name="Open my browser" library="LoginKeywords">
<arg>${url}</arg>
<arg>${browser}</arg>
<kw name="Open Browser" library="SeleniumLibrary">
<arg>${SiteURL}</arg>
<arg>${Browser}</arg>
<doc>Opens a new browser instance to the optional ``url``.</doc>
<msg timestamp="20220903 16:25:11.615" level="INFO">Opening browser 'Chrome' to base url 'http://dceims.bdeducation.org.bd/schoolAdmin'.</msg>
<status status="PASS" starttime="20220903 16:25:11.614" endtime="20220903 16:25:15.651"/>
</kw>
<kw name="Maximize Browser Window" library="SeleniumLibrary">
<doc>Maximizes current browser window.</doc>
<status status="PASS" starttime="20220903 16:25:15.651" endtime="20220903 16:25:15.888"/>
</kw>
<status status="PASS" starttime="20220903 16:25:11.613" endtime="20220903 16:25:15.888"/>
</kw>
<kw name="Enter User Name" library="LoginKeywords">
<arg>${username}</arg>
<kw name="Input Text" library="SeleniumLibrary">
<arg>${txt_loginUserName}</arg>
<arg>${username}</arg>
<doc>Types the given ``text`` into the text field identified by ``locator``.</doc>
<msg timestamp="20220903 16:25:15.891" level="INFO">Typing text 'marma.newaj@gmail.com' into text field 'name:email'.</msg>
<status status="PASS" starttime="20220903 16:25:15.889" endtime="20220903 16:25:16.211"/>
</kw>
<status status="PASS" starttime="20220903 16:25:15.888" endtime="20220903 16:25:16.211"/>
</kw>
<kw name="Enter Password" library="LoginKeywords">
<arg>${password}</arg>
<kw name="Input Text" library="SeleniumLibrary">
<arg>${txt_loginPassword}</arg>
<arg>${password}</arg>
<doc>Types the given ``text`` into the text field identified by ``locator``.</doc>
<msg timestamp="20220903 16:25:16.214" level="INFO">Typing text '12345678' into text field 'name:password'.</msg>
<status status="PASS" starttime="20220903 16:25:16.213" endtime="20220903 16:25:16.450"/>
</kw>
<status status="PASS" starttime="20220903 16:25:16.212" endtime="20220903 16:25:16.450"/>
</kw>
<kw name="Click SignIn" library="LoginKeywords">
<kw name="Click Button" library="SeleniumLibrary">
<arg>${btn_signIn}</arg>
<doc>Clicks the button identified by ``locator``.</doc>
<msg timestamp="20220903 16:25:16.454" level="INFO">Clicking button 'xpath://button[normalize-space()='SIGN IN / LOGIN']'.</msg>
<status status="PASS" starttime="20220903 16:25:16.453" endtime="20220903 16:25:19.221"/>
</kw>
<status status="PASS" starttime="20220903 16:25:16.451" endtime="20220903 16:25:19.222"/>
</kw>
<kw name="Sleep" library="BuiltIn">
<arg>3 seconds</arg>
<doc>Pauses the test executed for the given time.</doc>
<msg timestamp="20220903 16:25:22.232" level="INFO">Slept 3 seconds</msg>
<status status="PASS" starttime="20220903 16:25:19.222" endtime="20220903 16:25:22.232"/>
</kw>
<kw name="Verify Successful Login" library="LoginKeywords">
<kw name="Title Should Be" library="SeleniumLibrary">
<arg>EIMS Dashboard</arg>
<doc>Verifies that the current page title equals ``title``.</doc>
<msg timestamp="20220903 16:25:22.330" level="INFO">Page title is 'EIMS Dashboard'.</msg>
<status status="PASS" starttime="20220903 16:25:22.234" endtime="20220903 16:25:22.332"/>
</kw>
<status status="PASS" starttime="20220903 16:25:22.233" endtime="20220903 16:25:22.332"/>
</kw>
<kw name="Close my browser" library="LoginKeywords">
<kw name="Close All Browsers" library="SeleniumLibrary">
<doc>Closes all open browsers and resets the browser cache.</doc>
<status status="PASS" starttime="20220903 16:25:22.333" endtime="20220903 16:25:25.812"/>
</kw>
<status status="PASS" starttime="20220903 16:25:22.332" endtime="20220903 16:25:25.813"/>
</kw>
<status status="PASS" starttime="20220903 16:25:11.611" endtime="20220903 16:25:25.813"/>
</test>
<status status="PASS" starttime="20220903 16:25:11.298" endtime="20220903 16:25:25.815"/>
</suite>
<doc>[https://pabot.org/?ref=log|Pabot] result from 2 executions.</doc>
<status status="PASS" starttime="20220903 16:25:11.268" endtime="20220903 16:25:37.542"/>
</suite>
<statistics>
<total>
<stat pass="2" fail="0" skip="0">All Tests</stat>
</total>
<tag>
</tag>
<suite>
<stat pass="2" fail="0" skip="0" id="s1" name="Suites">Suites</stat>
<stat pass="1" fail="0" skip="0" id="s1-s1" name="Frames">Suites.Frames</stat>
<stat pass="1" fail="0" skip="0" id="s1-s2" name="LoginTest">Suites.LoginTest</stat>
</suite>
</statistics>
<errors>
</errors>
</robot>
